<?xml version="1.0" encoding="UTF-8"?>
<!-- Generated by org.testng.reporters.JUnitReportReporter -->
<testsuite hostname="LAPTOP-6F5CJ392" failures="0" tests="1" name="FreeCrmAutomation.FreeCrmAutomation.normalTest" time="4.259" errors="0" timestamp="2021-05-03T20:45:25 IST" skipped="0">
  <testcase classname="FreeCrmAutomation.FreeCrmAutomation.normalTest" name="Setup" time="4.259"/>
  <system-out/>
</testsuite> <!-- FreeCrmAutomation.FreeCrmAutomation.normalTest -->
